Start testing: Sep 21 12:34 MSK
----------------------------------------------------------
1/4 Testing: task1.1.phishing_macro
1/4 Test: task1.1.phishing_macro
Command: "/usr/bin/cmake" "-DEXE=/home/nadezhda/mipt/mipt_cpp_course/build/linux/nano-edr" "-DLOG=/home/nadezhda/mipt/mipt_cpp_course/scenarios/phishing_macro.log" "-DEXPECTED=/home/nadezhda/mipt/mipt_cpp_course/tasks/1.1/tests/expected/phishing_macro.out" "-P" "/home/nadezhda/mipt/mipt_cpp_course/tasks/1.1/tests/run_case.cmake"
Directory: /home/nadezhda/mipt/mipt_cpp_course/build/linux/task1_1
"task1.1.phishing_macro" start time: Sep 21 12:34 MSK
Output:
----------------------------------------------------------
<end of output>
Test time =   0.03 sec
----------------------------------------------------------
Test Passed.
"task1.1.phishing_macro" end time: Sep 21 12:34 MSK
"task1.1.phishing_macro" time elapsed: 00:00:00
----------------------------------------------------------

2/4 Testing: task1.1.ransomware
2/4 Test: task1.1.ransomware
Command: "/usr/bin/cmake" "-DEXE=/home/nadezhda/mipt/mipt_cpp_course/build/linux/nano-edr" "-DLOG=/home/nadezhda/mipt/mipt_cpp_course/scenarios/ransomware.log" "-DEXPECTED=/home/nadezhda/mipt/mipt_cpp_course/tasks/1.1/tests/expected/ransomware.out" "-P" "/home/nadezhda/mipt/mipt_cpp_course/tasks/1.1/tests/run_case.cmake"
Directory: /home/nadezhda/mipt/mipt_cpp_course/build/linux/task1_1
"task1.1.ransomware" start time: Sep 21 12:34 MSK
Output:
----------------------------------------------------------
<end of output>
Test time =   0.02 sec
----------------------------------------------------------
Test Passed.
"task1.1.ransomware" end time: Sep 21 12:34 MSK
"task1.1.ransomware" time elapsed: 00:00:00
----------------------------------------------------------

3/4 Testing: task1.1.clean_office
3/4 Test: task1.1.clean_office
Command: "/usr/bin/cmake" "-DEXE=/home/nadezhda/mipt/mipt_cpp_course/build/linux/nano-edr" "-DLOG=/home/nadezhda/mipt/mipt_cpp_course/scenarios/clean_office.log" "-DEXPECTED=/home/nadezhda/mipt/mipt_cpp_course/tasks/1.1/tests/expected/clean_office.out" "-P" "/home/nadezhda/mipt/mipt_cpp_course/tasks/1.1/tests/run_case.cmake"
Directory: /home/nadezhda/mipt/mipt_cpp_course/build/linux/task1_1
"task1.1.clean_office" start time: Sep 21 12:34 MSK
Output:
----------------------------------------------------------
<end of output>
Test time =   0.02 sec
----------------------------------------------------------
Test Passed.
"task1.1.clean_office" end time: Sep 21 12:34 MSK
"task1.1.clean_office" time elapsed: 00:00:00
----------------------------------------------------------

4/4 Testing: task1.2
4/4 Test: task1.2
Command: "/home/nadezhda/mipt/mipt_cpp_course/build/linux/task1_2_tests"
Directory: /home/nadezhda/mipt/mipt_cpp_course/build/linux/task1_2
"task1.2" start time: Sep 21 12:34 MSK
Output:
----------------------------------------------------------
[doctest] doctest version is "2.4.11"
[doctest] run with "--help" for options
===============================================================================
[doctest] test cases:  29 |  29 passed | 0 failed | 0 skipped
[doctest] assertions: 110 | 110 passed | 0 failed |
[doctest] Status: SUCCESS!
<end of output>
Test time =   0.01 sec
----------------------------------------------------------
Test Passed.
"task1.2" end time: Sep 21 12:34 MSK
"task1.2" time elapsed: 00:00:00
----------------------------------------------------------

End testing: Sep 21 12:34 MSK
