Start testing: Sep 13 19:52 MSK
----------------------------------------------------------
1/3 Testing: task1.1.phishing_macro
1/3 Test: task1.1.phishing_macro
Command: "/usr/bin/cmake" "-DEXE=/home/nadezhda/projects/mipt_cpp_course/project/build/asan/nano-edr" "-DLOG=/home/nadezhda/projects/mipt_cpp_course/project/scenarios/phishing_macro.log" "-DEXPECTED=/home/nadezhda/projects/mipt_cpp_course/project/tasks/1.1/tests/expected/phishing_macro.out" "-P" "/home/nadezhda/projects/mipt_cpp_course/project/tasks/1.1/tests/run_case.cmake"
Directory: /home/nadezhda/projects/mipt_cpp_course/project/build/asan/task1_1
"task1.1.phishing_macro" start time: Sep 13 19:52 MSK
Output:
----------------------------------------------------------
<end of output>
Test time =   0.04 sec
----------------------------------------------------------
Test Passed.
"task1.1.phishing_macro" end time: Sep 13 19:52 MSK
"task1.1.phishing_macro" time elapsed: 00:00:00
----------------------------------------------------------

2/3 Testing: task1.1.ransomware
2/3 Test: task1.1.ransomware
Command: "/usr/bin/cmake" "-DEXE=/home/nadezhda/projects/mipt_cpp_course/project/build/asan/nano-edr" "-DLOG=/home/nadezhda/projects/mipt_cpp_course/project/scenarios/ransomware.log" "-DEXPECTED=/home/nadezhda/projects/mipt_cpp_course/project/tasks/1.1/tests/expected/ransomware.out" "-P" "/home/nadezhda/projects/mipt_cpp_course/project/tasks/1.1/tests/run_case.cmake"
Directory: /home/nadezhda/projects/mipt_cpp_course/project/build/asan/task1_1
"task1.1.ransomware" start time: Sep 13 19:52 MSK
Output:
----------------------------------------------------------
<end of output>
Test time =   0.04 sec
----------------------------------------------------------
Test Passed.
"task1.1.ransomware" end time: Sep 13 19:52 MSK
"task1.1.ransomware" time elapsed: 00:00:00
----------------------------------------------------------

3/3 Testing: task1.1.clean_office
3/3 Test: task1.1.clean_office
Command: "/usr/bin/cmake" "-DEXE=/home/nadezhda/projects/mipt_cpp_course/project/build/asan/nano-edr" "-DLOG=/home/nadezhda/projects/mipt_cpp_course/project/scenarios/clean_office.log" "-DEXPECTED=/home/nadezhda/projects/mipt_cpp_course/project/tasks/1.1/tests/expected/clean_office.out" "-P" "/home/nadezhda/projects/mipt_cpp_course/project/tasks/1.1/tests/run_case.cmake"
Directory: /home/nadezhda/projects/mipt_cpp_course/project/build/asan/task1_1
"task1.1.clean_office" start time: Sep 13 19:52 MSK
Output:
----------------------------------------------------------
<end of output>
Test time =   0.04 sec
----------------------------------------------------------
Test Passed.
"task1.1.clean_office" end time: Sep 13 19:52 MSK
"task1.1.clean_office" time elapsed: 00:00:00
----------------------------------------------------------

End testing: Sep 13 19:52 MSK
